[debug] [2026-03-17T09:26:02.842Z] ----------------------------------------------------------------------
[debug] [2026-03-17T09:26:02.847Z] Command:       C:\Program Files\nvm\nodejs\node.exe C:\Program Files\nvm\nodejs\node_modules\firebase-tools\lib\bin\firebase.js init hosting
[debug] [2026-03-17T09:26:02.847Z] CLI Version:   15.10.1
[debug] [2026-03-17T09:26:02.847Z] Platform:      win32
[debug] [2026-03-17T09:26:02.847Z] Node Version:  v20.19.5
[debug] [2026-03-17T09:26:02.847Z] Time:          Tue Mar 17 2026 14:56:02 GMT+0530 (India Standard Time)
[debug] [2026-03-17T09:26:02.848Z] ----------------------------------------------------------------------
[debug] 
[info] 
     ######## #### ########  ######## ########     ###     ######  ########
     ##        ##  ##     ## ##       ##     ##  ##   ##  ##       ##
     ######    ##  ########  ######   ########  #########  ######  ######
     ##        ##  ##    ##  ##       ##     ## ##     ##       ## ##
     ##       #### ##     ## ######## ########  ##     ##  ######  ########

You're about to initialize a Firebase project in this directory:

  C:\Users\Mansoor\school_transport_app\school_transport_backend

[info] 
=== Project Setup
[info] 
[info] First, let's associate this project directory with a Firebase project.
[info] You can create multiple project aliases by running firebase use --add, 
[info] 
[debug] [2026-03-17T09:26:31.557Z] > command requires scopes: ["email","openid","https://www.googleapis.com/auth/cloudplatformprojects.readonly","https://www.googleapis.com/auth/firebase","https://www.googleapis.com/auth/cloud-platform"]
[debug] [2026-03-17T09:26:31.557Z] > authorizing via signed-in user (mansoor.ntr@gmail.com)
[debug] [2026-03-17T09:26:31.558Z] Checked if tokens are valid: false, expires at: 1773739820668
[debug] [2026-03-17T09:26:31.558Z] Checked if tokens are valid: false, expires at: 1773739820668
[debug] [2026-03-17T09:26:31.559Z] > refreshing access token with scopes: []
[debug] [2026-03-17T09:26:31.560Z] >>> [apiv2][query] POST https://www.googleapis.com/oauth2/v3/token [none]
[debug] [2026-03-17T09:26:31.560Z] >>> [apiv2][body] POST https://www.googleapis.com/oauth2/v3/token [omitted]
[debug] [2026-03-17T09:26:31.776Z] <<< [apiv2][status] POST https://www.googleapis.com/oauth2/v3/token 200
[debug] [2026-03-17T09:26:31.776Z] <<< [apiv2][body] POST https://www.googleapis.com/oauth2/v3/token [omitted]
[debug] [2026-03-17T09:26:31.795Z] >>> [apiv2][query] GET https://firebase.googleapis.com/v1beta1/projects/ars-travels-web [none]
[debug] [2026-03-17T09:26:32.273Z] <<< [apiv2][status] GET https://firebase.googleapis.com/v1beta1/projects/ars-travels-web 200
[debug] [2026-03-17T09:26:32.273Z] <<< [apiv2][body] GET https://firebase.googleapis.com/v1beta1/projects/ars-travels-web {"projectId":"ars-travels-web","projectNumber":"242937828207","displayName":"ARS-Travels-Web","name":"projects/ars-travels-web","resources":{"hostingSite":"ars-travels-web"},"state":"ACTIVE","etag":"1_f9e6de4e-7d5f-4da9-9a5c-fa1b721d8ed1"}
[info] i  Using project ars-travels-web (ARS-Travels-Web) . 
[info] 
=== Hosting Setup
[debug] [2026-03-17T09:26:32.287Z] Checked if tokens are valid: true, expires at: 1773743190776
[debug] [2026-03-17T09:26:32.287Z] Checked if tokens are valid: true, expires at: 1773743190776
[debug] [2026-03-17T09:26:32.288Z] >>> [apiv2][query] GET https://firebase.googleapis.com/v1beta1/projects/ars-travels-web [none]
[debug] [2026-03-17T09:26:32.854Z] <<< [apiv2][status] GET https://firebase.googleapis.com/v1beta1/projects/ars-travels-web 200
[debug] [2026-03-17T09:26:32.854Z] <<< [apiv2][body] GET https://firebase.googleapis.com/v1beta1/projects/ars-travels-web {"projectId":"ars-travels-web","projectNumber":"242937828207","displayName":"ARS-Travels-Web","name":"projects/ars-travels-web","resources":{"hostingSite":"ars-travels-web"},"state":"ACTIVE","etag":"1_f9e6de4e-7d5f-4da9-9a5c-fa1b721d8ed1"}
[info] 
[info] Your public directory is the folder (relative to your project directory) that
[info] will contain Hosting assets to be uploaded with firebase deploy. If you
[info] have a build process for your assets, use your build's output directory.
[info] 
[debug] [2026-03-17T09:27:28.639Z] ExitPromptError: User force closed the prompt with SIGINT
    at Interface.sigint (C:\Program Files\nvm\v20.19.5\node_modules\firebase-tools\node_modules\@inquirer\core\dist\commonjs\lib\create-prompt.js:101:37)
    at Interface.emit (node:events:524:28)
    at [_ttyWrite] [as _ttyWrite] (node:internal/readline/interface:1128:18)
    at ReadStream.onkeypress (node:internal/readline/interface:267:20)
    at ReadStream.emit (node:events:536:35)
    at emitKeys (node:internal/readline/utils:371:14)
    at emitKeys.next (<anonymous>)
    at ReadStream.onData (node:internal/readline/emitKeypressEvents:64:36)
    at ReadStream.emit (node:events:524:28)
    at addChunk (node:internal/streams/readable:561:12)
[error] 
[error] Error: An unexpected error has occurred.
[debug] [2026-03-17T09:29:11.411Z] ----------------------------------------------------------------------
[debug] [2026-03-17T09:29:11.416Z] Command:       C:\Program Files\nvm\nodejs\node.exe C:\Program Files\nvm\nodejs\node_modules\firebase-tools\lib\bin\firebase.js init hosting
[debug] [2026-03-17T09:29:11.416Z] CLI Version:   15.10.1
[debug] [2026-03-17T09:29:11.416Z] Platform:      win32
[debug] [2026-03-17T09:29:11.416Z] Node Version:  v20.19.5
[debug] [2026-03-17T09:29:11.416Z] Time:          Tue Mar 17 2026 14:59:11 GMT+0530 (India Standard Time)
[debug] [2026-03-17T09:29:11.416Z] ----------------------------------------------------------------------
[debug] 
[info] 
     ######## #### ########  ######## ########     ###     ######  ########
     ##        ##  ##     ## ##       ##     ##  ##   ##  ##       ##
     ######    ##  ########  ######   ########  #########  ######  ######
     ##        ##  ##    ##  ##       ##     ## ##     ##       ## ##
     ##       #### ##     ## ######## ########  ##     ##  ######  ########

You're about to initialize a Firebase project in this directory:

  C:\Users\Mansoor\school_transport_app\school_transport_backend

[debug] [2026-03-17T09:30:12.138Z] ExitPromptError: User force closed the prompt with SIGINT
    at Interface.sigint (C:\Program Files\nvm\v20.19.5\node_modules\firebase-tools\node_modules\@inquirer\core\dist\commonjs\lib\create-prompt.js:101:37)
    at Interface.emit (node:events:524:28)
    at [_ttyWrite] [as _ttyWrite] (node:internal/readline/interface:1128:18)
    at ReadStream.onkeypress (node:internal/readline/interface:267:20)
    at ReadStream.emit (node:events:536:35)
    at emitKeys (node:internal/readline/utils:371:14)
    at emitKeys.next (<anonymous>)
    at ReadStream.onData (node:internal/readline/emitKeypressEvents:64:36)
    at ReadStream.emit (node:events:524:28)
    at addChunk (node:internal/streams/readable:561:12)
[error] 
[error] Error: An unexpected error has occurred.
[debug] [2026-03-17T09:30:33.620Z] ----------------------------------------------------------------------
[debug] [2026-03-17T09:30:33.622Z] Command:       C:\Program Files\nvm\nodejs\node.exe C:\Program Files\nvm\nodejs\node_modules\firebase-tools\lib\bin\firebase.js init hosting
[debug] [2026-03-17T09:30:33.622Z] CLI Version:   15.10.1
[debug] [2026-03-17T09:30:33.622Z] Platform:      win32
[debug] [2026-03-17T09:30:33.622Z] Node Version:  v20.19.5
[debug] [2026-03-17T09:30:33.622Z] Time:          Tue Mar 17 2026 15:00:33 GMT+0530 (India Standard Time)
[debug] [2026-03-17T09:30:33.622Z] ----------------------------------------------------------------------
[debug] 
[info] 
     ######## #### ########  ######## ########     ###     ######  ########
     ##        ##  ##     ## ##       ##     ##  ##   ##  ##       ##
     ######    ##  ########  ######   ########  #########  ######  ######
     ##        ##  ##    ##  ##       ##     ## ##     ##       ## ##
     ##       #### ##     ## ######## ########  ##     ##  ######  ########

You're about to initialize a Firebase project in this directory:

  C:\Users\Mansoor\school_transport_app\school_transport_backend

[debug] [2026-03-17T09:31:10.815Z] ExitPromptError: User force closed the prompt with SIGINT
    at Interface.sigint (C:\Program Files\nvm\v20.19.5\node_modules\firebase-tools\node_modules\@inquirer\core\dist\commonjs\lib\create-prompt.js:101:37)
    at Interface.emit (node:events:524:28)
    at [_ttyWrite] [as _ttyWrite] (node:internal/readline/interface:1128:18)
    at ReadStream.onkeypress (node:internal/readline/interface:267:20)
    at ReadStream.emit (node:events:536:35)
    at emitKeys (node:internal/readline/utils:371:14)
    at emitKeys.next (<anonymous>)
    at ReadStream.onData (node:internal/readline/emitKeypressEvents:64:36)
    at ReadStream.emit (node:events:524:28)
    at addChunk (node:internal/streams/readable:561:12)
[error] 
[error] Error: An unexpected error has occurred.
[debug] [2026-03-17T09:32:10.789Z] ----------------------------------------------------------------------
[debug] [2026-03-17T09:32:10.794Z] Command:       C:\Program Files\nvm\nodejs\node.exe C:\Program Files\nvm\nodejs\node_modules\firebase-tools\lib\bin\firebase.js init hosting
[debug] [2026-03-17T09:32:10.794Z] CLI Version:   15.10.1
[debug] [2026-03-17T09:32:10.794Z] Platform:      win32
[debug] [2026-03-17T09:32:10.794Z] Node Version:  v20.19.5
[debug] [2026-03-17T09:32:10.794Z] Time:          Tue Mar 17 2026 15:02:10 GMT+0530 (India Standard Time)
[debug] [2026-03-17T09:32:10.794Z] ----------------------------------------------------------------------
[debug] 
[info] 
     ######## #### ########  ######## ########     ###     ######  ########
     ##        ##  ##     ## ##       ##     ##  ##   ##  ##       ##
     ######    ##  ########  ######   ########  #########  ######  ######
     ##        ##  ##    ##  ##       ##     ## ##     ##       ## ##
     ##       #### ##     ## ######## ########  ##     ##  ######  ########

You're about to initialize a Firebase project in this directory:

  C:\Users\Mansoor\school_transport_app\school_transport_backend

[debug] [2026-03-17T09:46:41.748Z] ExitPromptError: User force closed the prompt with SIGINT
    at Interface.sigint (C:\Program Files\nvm\v20.19.5\node_modules\firebase-tools\node_modules\@inquirer\core\dist\commonjs\lib\create-prompt.js:101:37)
    at Interface.emit (node:events:524:28)
    at [_ttyWrite] [as _ttyWrite] (node:internal/readline/interface:1128:18)
    at ReadStream.onkeypress (node:internal/readline/interface:267:20)
    at ReadStream.emit (node:events:536:35)
    at emitKeys (node:internal/readline/utils:371:14)
    at emitKeys.next (<anonymous>)
    at ReadStream.onData (node:internal/readline/emitKeypressEvents:64:36)
    at ReadStream.emit (node:events:524:28)
    at addChunk (node:internal/streams/readable:561:12)
[error] 
[error] Error: An unexpected error has occurred.
